<?xml version="1.0" encoding="UTF-8" ?>
<testsuite tests="11" failures="1" name="esi.dev1.td10.MonMathTest" time="0.015" errors="0" skipped="0">
  <properties>
[...]
</properties>
  <testcase classname="esi.dev1.td10.MonMathTest" name="esi.dev1.td10.MonMathTest.testAireCercle" time="0.002"/>
  <testcase classname="esi.dev1.td10.MonMathTest" name="esi.dev1.td10.MonMathTest.testEstDivisible" time="0"/>
  <testcase classname="esi.dev1.td10.MonMathTest" name="esi.dev1.td10.MonMathTest.testMin2" time="0"/>
  <testcase classname="esi.dev1.td10.MonMathTest" name="esi.dev1.td10.MonMathTest.testMin3" time="0"/>
  <testcase classname="esi.dev1.td10.MonMathTest" name="esi.dev1.td10.MonMathTest.testMoyenne" time="0"/>
  <testcase classname="esi.dev1.td10.MonMathTest" name="esi.dev1.td10.MonMathTest.testPérimettre" time="0.013">
    <failure message="expected: &lt;62.83185307179586&gt; but was: &lt;69.11503837897544&gt;" type="org.opentest4j.AssertionFailedError">org.opentest4j.AssertionFailedError: expected: &lt;62.83185307179586&gt; but was: &lt;69.11503837897544&gt;
	at org.junit.jupiter.api.AssertionUtils.fail(AssertionUtils.java:55)
	at org.junit.jupiter.api.AssertionUtils.failNotEqual(AssertionUtils.java:62)
	at org.junit.jupiter.api.AssertEquals.assertEquals(AssertEquals.java:70)
	at org.junit.jupiter.api.AssertEquals.assertEquals(AssertEquals.java:65)
	at org.junit.jupiter.api.Assertions.assertEquals(Assertions.java:868)
	at esi.dev1.td10.MonMathTest.testPérimettre(MonMathTest.java:26)
</failure>
    <system-out>périmettre
</system-out>
  </testcase>
  <testcase classname="esi.dev1.td10.MonMathTest" name="esi.dev1.td10.MonMathTest.testCentaine" time="0"/>
  <testcase classname="esi.dev1.td10.MonMathTest" name="esi.dev1.td10.MonMathTest.testUnité" time="0"/>
  <testcase classname="esi.dev1.td10.MonMathTest" name="esi.dev1.td10.MonMathTest.testDizaine" time="0"/>
  <testcase classname="esi.dev1.td10.MonMathTest" name="esi.dev1.td10.MonMathTest.testMiroir" time="0"/>
  <testcase classname="esi.dev1.td10.MonMathTest" name="esi.dev1.td10.MonMathTest.testValeurAbsolue" time="0"/>
</testsuite>