<?xml version="1.0" encoding="UTF-8" ?>
<testsuite tests="13" failures="3" name="Seance11.Exercice4Test" time="0" errors="0" skipped="0">
  <properties>
[...]
</properties>
  <testcase classname="Seance11.Exercice4Test" name="Seance11.Exercice4Test.testAfficherTaillesVide" time="0"/>
  <testcase classname="Seance11.Exercice4Test" name="Seance11.Exercice4Test.testAfficherTaillesTaille3" time="0"/>
  <testcase classname="Seance11.Exercice4Test" name="Seance11.Exercice4Test.testAfficherTaillesNull" time="0">
    <failure type="java.lang.NullPointerException">java.lang.NullPointerException
	at Seance11.Exercice4.afficherTailles(Exercice4.java:51)
	at Seance11.Exercice4Test.testAfficherTaillesNull(Exercice4Test.java:24)
</failure>
    <system-out>testAfficherTaillesNull
</system-out>
  </testcase>
  <testcase classname="Seance11.Exercice4Test" name="Seance11.Exercice4Test.testPlusLongMotDernierMot" time="0"/>
  <testcase classname="Seance11.Exercice4Test" name="Seance11.Exercice4Test.testPlusLongMotPlusieursMots" time="0"/>
  <testcase classname="Seance11.Exercice4Test" name="Seance11.Exercice4Test.testAfficherTaillesAutreTaille" time="0"/>
  <testcase classname="Seance11.Exercice4Test" name="Seance11.Exercice4Test.testPlusLongMotAutreMot" time="0"/>
  <testcase classname="Seance11.Exercice4Test" name="Seance11.Exercice4Test.testPlusLongMotNull" time="0">
    <failure type="java.lang.NullPointerException">java.lang.NullPointerException
	at Seance11.Exercice4.plusLongMot(Exercice4.java:58)
	at Seance11.Exercice4Test.testPlusLongMotNull(Exercice4Test.java:64)
</failure>
    <system-out>testPlusLongMotNull
</system-out>
  </testcase>
  <testcase classname="Seance11.Exercice4Test" name="Seance11.Exercice4Test.testPlusLongMotVide" time="0">
    <failure message="0" type="java.lang.ArrayIndexOutOfBoundsException">java.lang.ArrayIndexOutOfBoundsException: 0
	at Seance11.Exercice4.plusLongMot(Exercice4.java:58)
	at Seance11.Exercice4Test.testPlusLongMotVide(Exercice4Test.java:74)
</failure>
    <system-out>testPlusLongMotVide
</system-out>
  </testcase>
  <testcase classname="Seance11.Exercice4Test" name="Seance11.Exercice4Test.testPlusLongMotPremierMot" time="0"/>
  <testcase classname="Seance11.Exercice4Test" name="Seance11.Exercice4Test.testAfficherTabVide" time="0"/>
  <testcase classname="Seance11.Exercice4Test" name="Seance11.Exercice4Test.testAfficherTabnégatif" time="0"/>
  <testcase classname="Seance11.Exercice4Test" name="Seance11.Exercice4Test.testAfficherTabPositif" time="0"/>
</testsuite>